<?xml version="1.0" encoding="UTF-8"?>
<!-- Generated by org.testng.reporters.JUnitReportReporter -->
<testsuite hostname="YaseenFaiz" failures="0" tests="3" name="com.bobcat.execution.TestNgg" time="0.027" errors="0" timestamp="10 Apr 2022 16:25:51 GMT" skipped="0">
  <testcase classname="com.bobcat.execution.TestNgg" name="testt" time="0.009"/>
  <testcase classname="com.bobcat.execution.TestNgg" name="test" time="0.004"/>
  <testcase classname="com.bobcat.execution.TestNgg" name="test2" time="0.014"/>
</testsuite> <!-- com.bobcat.execution.TestNgg -->
