<?xml version="1.0" encoding="UTF-8"?>
<!-- Generated by org.testng.reporters.JUnitReportReporter -->
<testsuite hostname="YaseenFaiz" failures="0" tests="7" name="com.bobcat.execution.ParalelExe" time="0.202" errors="0" timestamp="10 Apr 2022 16:25:51 GMT" skipped="0">
  <testcase classname="com.bobcat.execution.ParalelExe" name="test9" time="0.005"/>
  <testcase classname="com.bobcat.execution.ParalelExe" name="test12" time="0.005"/>
  <testcase classname="com.bobcat.execution.ParalelExe" name="test14" time="0.134"/>
  <testcase classname="com.bobcat.execution.ParalelExe" name="test13" time="0.005"/>
  <testcase classname="com.bobcat.execution.ParalelExe" name="test10" time="0.036"/>
  <testcase classname="com.bobcat.execution.ParalelExe" name="test11" time="0.008"/>
  <testcase classname="com.bobcat.execution.ParalelExe" name="test8" time="0.009"/>
</testsuite> <!-- com.bobcat.execution.ParalelExe -->
