<?xml version="1.0" encoding="UTF-8"?>
<!-- Generated by org.testng.reporters.JUnitReportReporter -->
<testsuite hostname="YaseenFaiz" failures="0" tests="2" name="com.bobcat.execution.TestTest" time="0.043" errors="0" timestamp="10 Apr 2022 15:03:58 GMT" skipped="0">
  <testcase classname="com.bobcat.execution.TestTest" name="test121" time="0.025"/>
  <testcase classname="com.bobcat.execution.TestTest" name="test121" time="0.018"/>
</testsuite> <!-- com.bobcat.execution.TestTest -->
